<?xml version="1.0" encoding="UTF-8"?>
<testng-results ignored="0" total="1" passed="1" failed="0" skipped="0">
  <reporter-output>
  </reporter-output>
  <suite started-at="2026-02-02T10:24:09 IST" name="Default suite" finished-at="2026-02-02T10:24:28 IST" duration-ms="18586">
    <groups>
    </groups>
    <test started-at="2026-02-02T10:24:09 IST" name="Default test" finished-at="2026-02-02T10:24:28 IST" duration-ms="18586">
      <class name="com.orhrm.tests.TC2Testauto">
        <test-method is-config="true" signature="setUp()[pri:0, instance:com.orhrm.tests.TC2Testauto@217ed35e]" started-at="2026-02-02T10:24:09 IST" name="setUp" finished-at="2026-02-02T10:24:14 IST" duration-ms="4798" status="PASS">
          <reporter-output>
          </reporter-output>
        </test-method> <!-- setUp -->
        <test-method signature="tC2()[pri:0, instance:com.orhrm.tests.TC2Testauto@217ed35e]" started-at="2026-02-02T10:24:14 IST" name="tC2" finished-at="2026-02-02T10:24:27 IST" duration-ms="12407" status="PASS">
          <reporter-output>
          </reporter-output>
        </test-method> <!-- tC2 -->
        <test-method is-config="true" signature="tearDown()[pri:0, instance:com.orhrm.tests.TC2Testauto@217ed35e]" started-at="2026-02-02T10:24:27 IST" name="tearDown" finished-at="2026-02-02T10:24:28 IST" duration-ms="1290" status="PASS">
          <reporter-output>
          </reporter-output>
        </test-method> <!-- tearDown -->
      </class> <!-- com.orhrm.tests.TC2Testauto -->
    </test> <!-- Default test -->
  </suite> <!-- Default suite -->
</testng-results>
