<?xml version="1.0" encoding="UTF-8"?>
<testng-results ignored="0" total="1" passed="1" failed="0" skipped="0">
  <reporter-output>
  </reporter-output>
  <suite started-at="2026-02-06T10:21:48 IST" name="Default suite" finished-at="2026-02-06T10:22:01 IST" duration-ms="13555">
    <groups>
    </groups>
    <test started-at="2026-02-06T10:21:48 IST" name="Default test" finished-at="2026-02-06T10:22:01 IST" duration-ms="13555">
      <class name="com.orhrm.tests.NewTest">
        <test-method is-config="true" signature="beforeMethod()[pri:0, instance:com.orhrm.tests.NewTest@175c2241]" started-at="2026-02-06T10:21:48 IST" name="beforeMethod" finished-at="2026-02-06T10:21:48 IST" duration-ms="297" status="PASS">
          <reporter-output>
          </reporter-output>
        </test-method> <!-- beforeMethod -->
        <test-method signature="f()[pri:0, instance:com.orhrm.tests.NewTest@175c2241]" started-at="2026-02-06T10:21:48 IST" name="f" finished-at="2026-02-06T10:22:00 IST" duration-ms="11961" status="PASS">
          <reporter-output>
          </reporter-output>
        </test-method> <!-- f -->
        <test-method is-config="true" signature="afterMethod()[pri:0, instance:com.orhrm.tests.NewTest@175c2241]" started-at="2026-02-06T10:22:00 IST" name="afterMethod" finished-at="2026-02-06T10:22:01 IST" duration-ms="1242" status="PASS">
          <reporter-output>
          </reporter-output>
        </test-method> <!-- afterMethod -->
      </class> <!-- com.orhrm.tests.NewTest -->
    </test> <!-- Default test -->
  </suite> <!-- Default suite -->
</testng-results>
