<?xml version="1.0" encoding="UTF-8"?>
<testng-results ignored="0" total="1" passed="1" failed="0" skipped="0">
  <reporter-output>
  </reporter-output>
  <suite started-at="2026-01-30T14:26:02 IST" name="Default suite" finished-at="2026-01-30T14:26:30 IST" duration-ms="28494">
    <groups>
    </groups>
    <test started-at="2026-01-30T14:26:02 IST" name="Default test" finished-at="2026-01-30T14:26:30 IST" duration-ms="28494">
      <class name="com.orhrm.tests.TC2Testauto">
        <test-method is-config="true" signature="setUp()[pri:0, instance:com.orhrm.tests.TC2Testauto@2f4948e4]" started-at="2026-01-30T14:26:02 IST" name="setUp" finished-at="2026-01-30T14:26:04 IST" duration-ms="2471" status="PASS">
          <reporter-output>
          </reporter-output>
        </test-method> <!-- setUp -->
        <test-method signature="tC2()[pri:0, instance:com.orhrm.tests.TC2Testauto@2f4948e4]" started-at="2026-01-30T14:26:04 IST" name="tC2" finished-at="2026-01-30T14:26:30 IST" duration-ms="25550" status="PASS">
          <reporter-output>
          </reporter-output>
        </test-method> <!-- tC2 -->
        <test-method is-config="true" signature="tearDown()[pri:0, instance:com.orhrm.tests.TC2Testauto@2f4948e4]" started-at="2026-01-30T14:26:30 IST" name="tearDown" finished-at="2026-01-30T14:26:30 IST" duration-ms="426" status="PASS">
          <reporter-output>
          </reporter-output>
        </test-method> <!-- tearDown -->
      </class> <!-- com.orhrm.tests.TC2Testauto -->
    </test> <!-- Default test -->
  </suite> <!-- Default suite -->
</testng-results>
