<?xml version="1.0" encoding="UTF-8"?>
<!-- Generated by org.testng.reporters.JUnitReportReporter -->
<testsuite hostname="LP-TZD-5X45718" failures="0" tests="2" name="TEST.Lab_8_2" time="46.316" errors="0" timestamp="2026-01-23T12:26:09 IST" skipped="0">
  <testcase classname="TEST.Lab_8_2" name="invalidLoginTest" time="22.423">
    <system-out>
      <![CDATA[Executing Invalid Login Test for user: test
Invalid login validation passed for user: test]]>
    </system-out>
  </testcase> <!-- invalidLoginTest -->
  <testcase classname="TEST.Lab_8_2" name="invalidLoginTest" time="23.893">
    <system-out>
      <![CDATA[Executing Invalid Login Test for user: pooja
Invalid login validation passed for user: pooja]]>
    </system-out>
  </testcase> <!-- invalidLoginTest -->
  <system-out>
    <![CDATA[Launching browser
Executing Invalid Login Test for user: pooja
Invalid login validation passed for user: pooja
Closing browser
Launching browser
Executing Invalid Login Test for user: test
Invalid login validation passed for user: test
Closing browser]]>
  </system-out>
</testsuite> <!-- TEST.Lab_8_2 -->
