<?xml version="1.0" encoding="UTF-8"?>
<!-- Generated by org.testng.reporters.JUnitReportReporter -->
<testsuite hostname="LP-TZD-5X45718" failures="0" tests="2" name="SelinumPac.TC_TestNGTest_PageFactory" time="33.471" errors="0" timestamp="2026-01-27T11:40:38 IST" skipped="0">
  <testcase classname="SelinumPac.TC_TestNGTest_PageFactory" name="f" time="16.639"/>
  <testcase classname="SelinumPac.TC_TestNGTest_PageFactory" name="f" time="16.832"/>
</testsuite> <!-- SelinumPac.TC_TestNGTest_PageFactory -->
