<?xml version="1.0" encoding="UTF-8"?>
<!-- Generated by org.testng.reporters.JUnitReportReporter -->
<testsuite hostname="LP-TZD-5X45718" failures="0" tests="1" name="TEST.Lab_8_2_2" time="35.480" errors="0" timestamp="2026-01-23T12:29:07 IST" skipped="0">
  <testcase classname="TEST.Lab_8_2_2" name="validLoginTest" time="35.480">
    <system-out>
      <![CDATA[Executing Valid Login Test for user: Admin
Valid login passed for user: Admin]]>
    </system-out>
  </testcase> <!-- validLoginTest -->
  <system-out>
    <![CDATA[Launching browser
Executing Valid Login Test for user: Admin
Valid login passed for user: Admin
Closing browser]]>
  </system-out>
</testsuite> <!-- TEST.Lab_8_2_2 -->
